Flow report for animation
Sat Nov 16 22:14:56 2013
Quartus II 32-bit Version 11.1 Build 216 11/23/2011 Service Pack 1 SJ Web Edition


---------------------
; Table of Contents ;
---------------------
  1. Legal Notice
  2. Flow Summary
  3. Flow Settings
  4. Flow Non-Default Global Settings
  5. Flow Elapsed Time
  6. Flow OS Summary
  7. Flow Log



----------------
; Legal Notice ;
----------------
Copyright (C) 1991-2011 Altera Corporation
Your use of Altera Corporation's design tools, logic functions 
and other software and tools, and its AMPP partner logic 
functions, and any output files from any of the foregoing 
(including device programming or simulation files), and any 
associated documentation or information are expressly subject 
to the terms and conditions of the Altera Program License 
Subscription Agreement, Altera MegaCore Function License 
Agreement, or other applicable license agreement, including, 
without limitation, that your use is for the sole purpose of 
programming logic devices manufactured by Altera and sold by 
Altera or its authorized distributors.  Please refer to the 
applicable agreement for further details.



+------------------------------------------------------------------------------------+
; Flow Summary                                                                       ;
+------------------------------------+-----------------------------------------------+
; Flow Status                        ; Successful - Sat Nov 16 22:14:56 2013         ;
; Quartus II 32-bit Version          ; 11.1 Build 216 11/23/2011 SP 1 SJ Web Edition ;
; Revision Name                      ; animation                                     ;
; Top-level Entity Name              ; animation                                     ;
; Family                             ; Cyclone II                                    ;
; Device                             ; EP2C35F672C6                                  ;
; Timing Models                      ; Final                                         ;
; Total logic elements               ; 561 / 33,216 ( 2 % )                          ;
;     Total combinational functions  ; 538 / 33,216 ( 2 % )                          ;
;     Dedicated logic registers      ; 134 / 33,216 ( < 1 % )                        ;
; Total registers                    ; 134                                           ;
; Total pins                         ; 58 / 475 ( 12 % )                             ;
; Total virtual pins                 ; 0                                             ;
; Total memory bits                  ; 158,976 / 483,840 ( 33 % )                    ;
; Embedded Multiplier 9-bit elements ; 0 / 70 ( 0 % )                                ;
; Total PLLs                         ; 1 / 4 ( 25 % )                                ;
+------------------------------------+-----------------------------------------------+


+-----------------------------------------+
; Flow Settings                           ;
+-------------------+---------------------+
; Option            ; Setting             ;
+-------------------+---------------------+
; Start date & time ; 11/16/2013 22:14:10 ;
; Main task         ; Compilation         ;
; Revision Name     ; animation           ;
+-------------------+---------------------+


+------------------------------------------------------------------------------------------------------------------+
; Flow Non-Default Global Settings                                                                                 ;
+-------------------------------------+---------------------------------+---------------+-------------+------------+
; Assignment Name                     ; Value                           ; Default Value ; Entity Name ; Section Id ;
+-------------------------------------+---------------------------------+---------------+-------------+------------+
; COMPILER_SIGNATURE_ID               ; 203308016274704.138465804901504 ; --            ; --          ; --         ;
; CYCLONEII_OPTIMIZATION_TECHNIQUE    ; Speed                           ; Balanced      ; --          ; --         ;
; ENABLE_CLOCK_LATENCY                ; On                              ; Off           ; --          ; --         ;
; FMAX_REQUIREMENT                    ; 100 MHz                         ; --            ; --          ; --         ;
; IP_TOOL_NAME                        ; ROM: 1-PORT                     ; --            ; --          ; --         ;
; IP_TOOL_NAME                        ; ROM: 1-PORT                     ; --            ; --          ; --         ;
; IP_TOOL_NAME                        ; ROM: 1-PORT                     ; --            ; --          ; --         ;
; IP_TOOL_NAME                        ; ROM: 1-PORT                     ; --            ; --          ; --         ;
; IP_TOOL_NAME                        ; ROM: 1-PORT                     ; --            ; --          ; --         ;
; IP_TOOL_VERSION                     ; 11.1                            ; --            ; --          ; --         ;
; IP_TOOL_VERSION                     ; 11.1                            ; --            ; --          ; --         ;
; IP_TOOL_VERSION                     ; 11.1                            ; --            ; --          ; --         ;
; IP_TOOL_VERSION                     ; 11.1                            ; --            ; --          ; --         ;
; IP_TOOL_VERSION                     ; 11.1                            ; --            ; --          ; --         ;
; MISC_FILE                           ; ROM1.bsf                        ; --            ; --          ; --         ;
; MISC_FILE                           ; ROM1_inst.vhd                   ; --            ; --          ; --         ;
; MISC_FILE                           ; ROM1.inc                        ; --            ; --          ; --         ;
; MISC_FILE                           ; ROM1.cmp                        ; --            ; --          ; --         ;
; MISC_FILE                           ; DuckROM.bsf                     ; --            ; --          ; --         ;
; MISC_FILE                           ; DuckROM_inst.v                  ; --            ; --          ; --         ;
; MISC_FILE                           ; DuckROM_bb.v                    ; --            ; --          ; --         ;
; MISC_FILE                           ; DuckROM.inc                     ; --            ; --          ; --         ;
; MISC_FILE                           ; DuckROM.cmp                     ; --            ; --          ; --         ;
; MISC_FILE                           ; DuckROM1.bsf                    ; --            ; --          ; --         ;
; MISC_FILE                           ; DuckROM1_inst.v                 ; --            ; --          ; --         ;
; MISC_FILE                           ; DuckROM1_bb.v                   ; --            ; --          ; --         ;
; MISC_FILE                           ; DuckROM1.inc                    ; --            ; --          ; --         ;
; MISC_FILE                           ; DuckROM1.cmp                    ; --            ; --          ; --         ;
; MISC_FILE                           ; ROMColorTest.bsf                ; --            ; --          ; --         ;
; MISC_FILE                           ; ROMColorTest_inst.v             ; --            ; --          ; --         ;
; MISC_FILE                           ; ROMColorTest_bb.v               ; --            ; --          ; --         ;
; MISC_FILE                           ; ROMColorTest.inc                ; --            ; --          ; --         ;
; MISC_FILE                           ; ROMColorTest.cmp                ; --            ; --          ; --         ;
; MISC_FILE                           ; BackgroundROM.bsf               ; --            ; --          ; --         ;
; MISC_FILE                           ; BackgroundROM_inst.v            ; --            ; --          ; --         ;
; MISC_FILE                           ; BackgroundROM_bb.v              ; --            ; --          ; --         ;
; MISC_FILE                           ; BackgroundROM.inc               ; --            ; --          ; --         ;
; MISC_FILE                           ; BackgroundROM.cmp               ; --            ; --          ; --         ;
; PARTITION_COLOR                     ; 16764057                        ; --            ; --          ; Top        ;
; PARTITION_FITTER_PRESERVATION_LEVEL ; PLACEMENT_AND_ROUTING           ; --            ; --          ; Top        ;
; PARTITION_NETLIST_TYPE              ; SOURCE                          ; --            ; --          ; Top        ;
; REPORT_IO_PATHS_SEPARATELY          ; On                              ; Off           ; --          ; --         ;
+-------------------------------------+---------------------------------+---------------+-------------+------------+


+-------------------------------------------------------------------------------------------------------------------------------+
; Flow Elapsed Time                                                                                                             ;
+---------------------------+--------------+-------------------------+---------------------+------------------------------------+
; Module Name               ; Elapsed Time ; Average Processors Used ; Peak Virtual Memory ; Total CPU Time (on all processors) ;
+---------------------------+--------------+-------------------------+---------------------+------------------------------------+
; Analysis & Synthesis      ; 00:00:11     ; 1.0                     ; 328 MB              ; 00:00:10                           ;
; Fitter                    ; 00:00:27     ; 1.0                     ; 382 MB              ; 00:00:27                           ;
; TimeQuest Timing Analyzer ; 00:00:05     ; 1.0                     ; 286 MB              ; 00:00:05                           ;
; Assembler                 ; 00:00:06     ; 1.0                     ; 323 MB              ; 00:00:05                           ;
; Total                     ; 00:00:49     ; --                      ; --                  ; 00:00:47                           ;
+---------------------------+--------------+-------------------------+---------------------+------------------------------------+


+----------------------------------------------------------------------------------------+
; Flow OS Summary                                                                        ;
+---------------------------+------------------+-----------+------------+----------------+
; Module Name               ; Machine Hostname ; OS Name   ; OS Version ; Processor type ;
+---------------------------+------------------+-----------+------------+----------------+
; Analysis & Synthesis      ; Vivek-PC         ; Windows 7 ; 6.1        ; x86_64         ;
; Fitter                    ; Vivek-PC         ; Windows 7 ; 6.1        ; x86_64         ;
; TimeQuest Timing Analyzer ; Vivek-PC         ; Windows 7 ; 6.1        ; x86_64         ;
; Assembler                 ; Vivek-PC         ; Windows 7 ; 6.1        ; x86_64         ;
+---------------------------+------------------+-----------+------------+----------------+


------------
; Flow Log ;
------------
quartus_map --read_settings_files=on --write_settings_files=off animation -c animation
quartus_fit --read_settings_files=off --write_settings_files=off animation -c animation
quartus_sta animation -c animation
quartus_asm --read_settings_files=off --write_settings_files=off animation -c animation



